#
# There is insufficient memory for the Java Runtime Environment to continue.
# Native memory allocation (malloc) failed to allocate 2541984 bytes for Chunk::new
# Possible reasons:
#   The system is out of physical RAM or swap space
#   The process is running with CompressedOops enabled, and the Java Heap may be blocking the growth of the native heap
# Possible solutions:
#   Reduce memory load on the system
#   Increase physical memory or swap space
#   Check if swap backing store is full
#   Decrease Java heap size (-Xmx/-Xms)
#   Decrease number of Java threads
#   Decrease Java thread stack sizes (-Xss)
#   Set larger code cache with -XX:ReservedCodeCacheSize=
#   JVM is running with Unscaled Compressed Oops mode in which the Java heap is
#     placed in the first 4GB address space. The Java Heap base address is the
#     maximum limit for the native heap growth. Please use -XX:HeapBaseMinAddress
#     to set the Java Heap base and to place the Java Heap above 4GB virtual address.
# This output file may be truncated or incomplete.
#
#  Out of Memory Error (arena.cpp:189), pid=131276, tid=244824
#
# JRE version: OpenJDK Runtime Environment Temurin-17.0.3+7 (17.0.3+7) (build 17.0.3+7)
# Java VM: OpenJDK 64-Bit Server VM Temurin-17.0.3+7 (17.0.3+7, mixed mode, tiered, compressed oops, compressed class ptrs, parallel gc, windows-amd64)
# No core dump will be written. Minidumps are not enabled by default on client versions of Windows
#

---------------  S U M M A R Y ------------

Command Line: --add-modules=ALL-SYSTEM --add-opens=java.base/java.util=ALL-UNNAMED --add-opens=java.base/java.lang=ALL-UNNAMED --add-opens=java.base/sun.nio.fs=ALL-UNNAMED -Declipse.application=org.eclipse.jdt.ls.core.id1 -Dosgi.bundles.defaultStartLevel=4 -Declipse.product=org.eclipse.jdt.ls.core.product -Djava.import.generatesMetadataFilesAtProjectRoot=false -Dfile.encoding=utf8 -DwatchParentProcess=false -XX:+UseParallelGC -XX:GCTimeRatio=4 -XX:AdaptiveSizePolicyWeight=90 -Dsun.zip.disableMemoryMapping=true -Xmx1G -Xms100m -javaagent:c:\Users\hugor\.vscode\extensions\redhat.java-1.9.0-win32-x64\lombok\lombok-1.18.24.jar c:\Users\hugor\.vscode\extensions\redhat.java-1.9.0-win32-x64\server\plugins\org.eclipse.equinox.launcher_1.6.400.v20210924-0641.jar -configuration c:\Users\hugor\AppData\Roaming\Code\User\globalStorage\redhat.java\1.9.0\config_ss_win -data c:\Users\hugor\AppData\Roaming\Code\User\workspaceStorage\1f59598b37ccc40b5420a7bc95a9f2e1\redhat.java\ss_ws

Host: Intel(R) Core(TM) i5-9300H CPU @ 2.40GHz, 8 cores, 7G,  Windows 11 , 64 bit Build 22621 (10.0.22621.436)
Time: Fri Aug 12 18:54:53 2022 E. South America Standard Time elapsed time: 8.901626 seconds (0d 0h 0m 8s)

---------------  T H R E A D  ---------------

Current thread (0x000001949426f770):  JavaThread "C2 CompilerThread0" daemon [_thread_in_native, id=244824, stack(0x00000039d3a00000,0x00000039d3b00000)]


Current CompileTask:
C2:   8901 2298       4       org.objectweb.asm.ClassReader::readMethod (1066 bytes)

Stack: [0x00000039d3a00000,0x00000039d3b00000]
Native frames: (J=compiled Java code, j=interpreted, Vv=VM code, C=native code)
V  [jvm.dll+0x675efa]
V  [jvm.dll+0x830a24]
V  [jvm.dll+0x8321ce]
V  [jvm.dll+0x832833]
V  [jvm.dll+0x2454b5]
V  [jvm.dll+0xabd7b]
V  [jvm.dll+0xac30c]
V  [jvm.dll+0x363627]
V  [jvm.dll+0x1bbbe8]
V  [jvm.dll+0x2184b9]
V  [jvm.dll+0x217781]
V  [jvm.dll+0x1a3ccd]
V  [jvm.dll+0x227178]
V  [jvm.dll+0x2252bc]
V  [jvm.dll+0x7e673b]
V  [jvm.dll+0x7e0cfa]
V  [jvm.dll+0x674d85]
C  [ucrtbase.dll+0x29363]
C  [KERNEL32.DLL+0x1244d]
C  [ntdll.dll+0x5df78]


---------------  P R O C E S S  ---------------

Threads class SMR info:
_java_thread_list=0x0000019496bdfd70, length=21, elements={
0x00000194fe8e8f60, 0x00000194fea7ad90, 0x00000194942372d0, 0x0000019494244f90,
0x00000194febad470, 0x00000194febadf30, 0x00000194febae7f0, 0x000001949426f770,
0x00000194942c5a30, 0x00000194942d26f0, 0x00000194fe9a57c0, 0x00000194951c8070,
0x000001949573da20, 0x00000194958169a0, 0x0000019495816e70, 0x0000019495803730,
0x00000194952c3890, 0x000001949595b210, 0x0000019495959a00, 0x000001949595ad40,
0x0000019495959ed0
}

Java Threads: ( => current thread )
  0x00000194fe8e8f60 JavaThread "main" [_thread_blocked, id=238008, stack(0x00000039d3100000,0x00000039d3200000)]
  0x00000194fea7ad90 JavaThread "Reference Handler" daemon [_thread_blocked, id=142496, stack(0x00000039d3400000,0x00000039d3500000)]
  0x00000194942372d0 JavaThread "Finalizer" daemon [_thread_blocked, id=5140, stack(0x00000039d3500000,0x00000039d3600000)]
  0x0000019494244f90 JavaThread "Signal Dispatcher" daemon [_thread_blocked, id=108832, stack(0x00000039d3600000,0x00000039d3700000)]
  0x00000194febad470 JavaThread "Attach Listener" daemon [_thread_blocked, id=297600, stack(0x00000039d3700000,0x00000039d3800000)]
  0x00000194febadf30 JavaThread "Service Thread" daemon [_thread_blocked, id=264748, stack(0x00000039d3800000,0x00000039d3900000)]
  0x00000194febae7f0 JavaThread "Monitor Deflation Thread" daemon [_thread_blocked, id=295168, stack(0x00000039d3900000,0x00000039d3a00000)]
=>0x000001949426f770 JavaThread "C2 CompilerThread0" daemon [_thread_in_native, id=244824, stack(0x00000039d3a00000,0x00000039d3b00000)]
  0x00000194942c5a30 JavaThread "C1 CompilerThread0" daemon [_thread_blocked, id=174576, stack(0x00000039d3b00000,0x00000039d3c00000)]
  0x00000194942d26f0 JavaThread "Sweeper thread" daemon [_thread_blocked, id=78872, stack(0x00000039d3c00000,0x00000039d3d00000)]
  0x00000194fe9a57c0 JavaThread "Common-Cleaner" daemon [_thread_blocked, id=306572, stack(0x00000039d3d00000,0x00000039d3e00000)]
  0x00000194951c8070 JavaThread "Notification Thread" daemon [_thread_blocked, id=302800, stack(0x00000039d3e00000,0x00000039d3f00000)]
  0x000001949573da20 JavaThread "Active Thread: Equinox Container: 522c775a-fd57-4d77-ad0d-1c7128ea04e9" [_thread_blocked, id=254380, stack(0x00000039d4500000,0x00000039d4600000)]
  0x00000194958169a0 JavaThread "Framework Event Dispatcher: Equinox Container: 522c775a-fd57-4d77-ad0d-1c7128ea04e9" daemon [_thread_blocked, id=151312, stack(0x00000039d4600000,0x00000039d4700000)]
  0x0000019495816e70 JavaThread "Start Level: Equinox Container: 522c775a-fd57-4d77-ad0d-1c7128ea04e9" daemon [_thread_blocked, id=194192, stack(0x00000039d4700000,0x00000039d4800000)]
  0x0000019495803730 JavaThread "SCR Component Actor" daemon [_thread_blocked, id=312020, stack(0x00000039d4800000,0x00000039d4900000)]
  0x00000194952c3890 JavaThread "SCR Component Registry" daemon [_thread_blocked, id=130684, stack(0x00000039d4b00000,0x00000039d4c00000)]
  0x000001949595b210 JavaThread "Worker-JM" [_thread_blocked, id=206248, stack(0x00000039d4d00000,0x00000039d4e00000)]
  0x0000019495959a00 JavaThread "Worker-0" [_thread_blocked, id=27680, stack(0x00000039d4c00000,0x00000039d4d00000)]
  0x000001949595ad40 JavaThread "Worker-1" [_thread_blocked, id=247880, stack(0x00000039d4e00000,0x00000039d4f00000)]
  0x0000019495959ed0 JavaThread "Java indexing" daemon [_thread_blocked, id=303044, stack(0x00000039d5000000,0x00000039d5100000)]

Other Threads:
  0x00000194fe9aeaf0 VMThread "VM Thread" [stack: 0x00000039d3300000,0x00000039d3400000] [id=160948]
  0x00000194951c8540 WatcherThread [stack: 0x00000039d3f00000,0x00000039d4000000] [id=62088]
  0x00000194fe8fdfc0 GCTaskThread "GC Thread#0" [stack: 0x00000039d3200000,0x00000039d3300000] [id=222956]
  0x00000194956bf5d0 GCTaskThread "GC Thread#1" [stack: 0x00000039d4000000,0x00000039d4100000] [id=63596]
  0x00000194956e39a0 GCTaskThread "GC Thread#2" [stack: 0x00000039d4100000,0x00000039d4200000] [id=264288]
  0x00000194956bf880 GCTaskThread "GC Thread#3" [stack: 0x00000039d4200000,0x00000039d4300000] [id=116796]
  0x00000194956bfb30 GCTaskThread "GC Thread#4" [stack: 0x00000039d4300000,0x00000039d4400000] [id=123620]
  0x00000194956defb0 GCTaskThread "GC Thread#5" [stack: 0x00000039d4400000,0x00000039d4500000] [id=300876]
  0x00000194945912b0 GCTaskThread "GC Thread#6" [stack: 0x00000039d4900000,0x00000039d4a00000] [id=94776]
  0x0000019494593570 GCTaskThread "GC Thread#7" [stack: 0x00000039d4a00000,0x00000039d4b00000] [id=41440]

Threads with active compile tasks:
C2 CompilerThread0     8954 2298       4       org.objectweb.asm.ClassReader::readMethod (1066 bytes)

VM state: not at safepoint (normal execution)

VM Mutex/Monitor currently owned by a thread: None

Heap address: 0x00000000c0000000, size: 1024 MB, Compressed Oops mode: 32-bit

CDS archive(s) not mapped
Compressed class space mapped at: 0x0000000100000000-0x0000000140000000, reserved size: 1073741824
Narrow klass base: 0x0000000000000000, Narrow klass shift: 3, Narrow klass range: 0x140000000

GC Precious Log:
 CPUs: 8 total, 8 available
 Memory: 8029M
 Large Page Support: Disabled
 NUMA Support: Disabled
 Compressed Oops: Enabled (32-bit)
 Alignments: Space 512K, Generation 512K, Heap 2M
 Heap Min Capacity: 100M
 Heap Initial Capacity: 100M
 Heap Max Capacity: 1G
 Pre-touch: Disabled
 Parallel Workers: 8

Heap:
 PSYoungGen      total 25600K, used 23967K [0x00000000eab00000, 0x00000000ec880000, 0x0000000100000000)
  eden space 25088K, 94% used [0x00000000eab00000,0x00000000ec21fe00,0x00000000ec380000)
  from space 512K, 56% used [0x00000000ec400000,0x00000000ec448000,0x00000000ec480000)
  to   space 2048K, 0% used [0x00000000ec680000,0x00000000ec680000,0x00000000ec880000)
 ParOldGen       total 68608K, used 7457K [0x00000000c0000000, 0x00000000c4300000, 0x00000000eab00000)
  object space 68608K, 10% used [0x00000000c0000000,0x00000000c0748758,0x00000000c4300000)
 Metaspace       used 27289K, committed 27712K, reserved 1081344K
  class space    used 2628K, committed 2816K, reserved 1048576K

Card table byte_map: [0x00000194fe2a0000,0x00000194fe4b0000] _byte_map_base: 0x00000194fdca0000

Marking Bits: (ParMarkBitMap*) 0x00007ffd581a4b80
 Begin Bits: [0x0000019491bb0000, 0x0000019492bb0000)
 End Bits:   [0x0000019492bb0000, 0x0000019493bb0000)

Polling page: 0x00000194fc8e0000

Metaspace:

Usage:
  Non-class:     24.08 MB used.
      Class:      2.57 MB used.
       Both:     26.65 MB used.

Virtual space:
  Non-class space:       32.00 MB reserved,      24.31 MB ( 76%) committed,  4 nodes.
      Class space:        1.00 GB reserved,       2.75 MB ( <1%) committed,  1 nodes.
             Both:        1.03 GB reserved,      27.06 MB (  3%) committed. 

Chunk freelists:
   Non-Class:  3.48 MB
       Class:  1.09 MB
        Both:  4.57 MB

MaxMetaspaceSize: unlimited
CompressedClassSpaceSize: 1.00 GB
Initial GC threshold: 21.00 MB
Current GC threshold: 35.00 MB
CDS: off
MetaspaceReclaimPolicy: balanced
 - commit_granule_bytes: 65536.
 - commit_granule_words: 8192.
 - virtual_space_node_default_size: 1048576.
 - enlarge_chunks_in_place: 1.
 - new_chunks_are_fully_committed: 0.
 - uncommit_free_chunks: 1.
 - use_allocation_guard: 0.
 - handle_deallocations: 1.


Internal statistics:

num_allocs_failed_limit: 3.
num_arena_births: 186.
num_arena_deaths: 14.
num_vsnodes_births: 5.
num_vsnodes_deaths: 0.
num_space_committed: 433.
num_space_uncommitted: 0.
num_chunks_returned_to_freelist: 17.
num_chunks_taken_from_freelist: 855.
num_chunk_merges: 7.
num_chunk_splits: 609.
num_chunks_enlarged: 466.
num_purges: 2.
num_inconsistent_stats: 0.

CodeHeap 'non-profiled nmethods': size=120000Kb used=862Kb max_used=862Kb free=119137Kb
 bounds [0x000001948a680000, 0x000001948a8f0000, 0x0000019491bb0000]
CodeHeap 'profiled nmethods': size=120000Kb used=4895Kb max_used=4895Kb free=115105Kb
 bounds [0x0000019483150000, 0x0000019483620000, 0x000001948a680000]
CodeHeap 'non-nmethods': size=5760Kb used=1229Kb max_used=1252Kb free=4530Kb
 bounds [0x0000019482bb0000, 0x0000019482e20000, 0x0000019483150000]
 total_blobs=2937 nmethods=2401 adapters=450
 compilation: enabled
              stopped_count=0, restarted_count=0
 full_count=0

Compilation events (20 events):
Event: 8.568 Thread 0x00000194942c5a30 2401       3       org.eclipse.osgi.container.ModuleRequirement::<init> (32 bytes)
Event: 8.568 Thread 0x00000194942c5a30 nmethod 2401 0x0000019483614c10 code [0x0000019483614dc0, 0x0000019483614ff8]
Event: 8.568 Thread 0x00000194942c5a30 2402       3       org.eclipse.osgi.internal.framework.FilterImpl$Parser::parse_attr (149 bytes)
Event: 8.569 Thread 0x00000194942c5a30 nmethod 2402 0x0000019483615110 code [0x00000194836153a0, 0x0000019483615f48]
Event: 8.569 Thread 0x00000194942c5a30 2403       3       java.util.Optional::isPresent (13 bytes)
Event: 8.570 Thread 0x00000194942c5a30 nmethod 2403 0x0000019483616490 code [0x0000019483616620, 0x0000019483616798]
Event: 8.584 Thread 0x00000194942c5a30 2404       1       java.util.concurrent.atomic.AtomicLong::get (5 bytes)
Event: 8.584 Thread 0x00000194942c5a30 nmethod 2404 0x000001948a757190 code [0x000001948a757320, 0x000001948a7573f8]
Event: 8.599 Thread 0x00000194942c5a30 2405       3       java.lang.Character::toUpperCase (6 bytes)
Event: 8.599 Thread 0x00000194942c5a30 nmethod 2405 0x0000019483616810 code [0x00000194836169c0, 0x0000019483616c18]
Event: 8.599 Thread 0x00000194942c5a30 2406       3       java.lang.Character::toUpperCase (9 bytes)
Event: 8.599 Thread 0x00000194942c5a30 nmethod 2406 0x0000019483616d10 code [0x0000019483616ec0, 0x00000194836170b8]
Event: 8.599 Thread 0x00000194942c5a30 2407       3       java.lang.ProcessEnvironment$NameComparator::compare (13 bytes)
Event: 8.599 Thread 0x00000194942c5a30 nmethod 2407 0x0000019483617190 code [0x0000019483617340, 0x0000019483617648]
Event: 8.605 Thread 0x00000194942c5a30 2408       1       org.eclipse.osgi.internal.loader.sources.PackageSource::getId (5 bytes)
Event: 8.605 Thread 0x00000194942c5a30 nmethod 2408 0x000001948a757490 code [0x000001948a757620, 0x000001948a7576f8]
Event: 8.619 Thread 0x00000194942c5a30 2409       1       org.eclipse.core.internal.jobs.InternalJob::previous (5 bytes)
Event: 8.619 Thread 0x00000194942c5a30 nmethod 2409 0x000001948a757790 code [0x000001948a757920, 0x000001948a7579f8]
Event: 8.669 Thread 0x00000194942c5a30 2410       3       java.util.concurrent.TimeUnit::toNanos (45 bytes)
Event: 8.669 Thread 0x00000194942c5a30 nmethod 2410 0x0000019483617710 code [0x00000194836178c0, 0x0000019483617b38]

GC Heap History (12 events):
Event: 1.742 GC heap before
{Heap before GC invocations=1 (full 0):
 PSYoungGen      total 29696K, used 25600K [0x00000000eab00000, 0x00000000ecc00000, 0x0000000100000000)
  eden space 25600K, 100% used [0x00000000eab00000,0x00000000ec400000,0x00000000ec400000)
  from space 4096K, 0% used [0x00000000ec800000,0x00000000ec800000,0x00000000ecc00000)
  to   space 4096K, 0% used [0x00000000ec400000,0x00000000ec400000,0x00000000ec800000)
 ParOldGen       total 68608K, used 0K [0x00000000c0000000, 0x00000000c4300000, 0x00000000eab00000)
  object space 68608K, 0% used [0x00000000c0000000,0x00000000c0000000,0x00000000c4300000)
 Metaspace       used 10836K, committed 11008K, reserved 1064960K
  class space    used 1089K, committed 1152K, reserved 1048576K
}
Event: 1.757 GC heap after
{Heap after GC invocations=1 (full 0):
 PSYoungGen      total 29696K, used 3272K [0x00000000eab00000, 0x00000000ecc00000, 0x0000000100000000)
  eden space 25600K, 0% used [0x00000000eab00000,0x00000000eab00000,0x00000000ec400000)
  from space 4096K, 79% used [0x00000000ec400000,0x00000000ec732190,0x00000000ec800000)
  to   space 4096K, 0% used [0x00000000ec800000,0x00000000ec800000,0x00000000ecc00000)
 ParOldGen       total 68608K, used 8K [0x00000000c0000000, 0x00000000c4300000, 0x00000000eab00000)
  object space 68608K, 0% used [0x00000000c0000000,0x00000000c0002000,0x00000000c4300000)
 Metaspace       used 10836K, committed 11008K, reserved 1064960K
  class space    used 1089K, committed 1152K, reserved 1048576K
}
Event: 6.507 GC heap before
{Heap before GC invocations=2 (full 0):
 PSYoungGen      total 29696K, used 28872K [0x00000000eab00000, 0x00000000ecc00000, 0x0000000100000000)
  eden space 25600K, 100% used [0x00000000eab00000,0x00000000ec400000,0x00000000ec400000)
  from space 4096K, 79% used [0x00000000ec400000,0x00000000ec732190,0x00000000ec800000)
  to   space 4096K, 0% used [0x00000000ec800000,0x00000000ec800000,0x00000000ecc00000)
 ParOldGen       total 68608K, used 8K [0x00000000c0000000, 0x00000000c4300000, 0x00000000eab00000)
  object space 68608K, 0% used [0x00000000c0000000,0x00000000c0002000,0x00000000c4300000)
 Metaspace       used 14849K, committed 15168K, reserved 1064960K
  class space    used 1511K, committed 1664K, reserved 1048576K
}
Event: 6.517 GC heap after
{Heap after GC invocations=2 (full 0):
 PSYoungGen      total 29696K, used 4077K [0x00000000eab00000, 0x00000000ecc00000, 0x0000000100000000)
  eden space 25600K, 0% used [0x00000000eab00000,0x00000000eab00000,0x00000000ec400000)
  from space 4096K, 99% used [0x00000000ec800000,0x00000000ecbfb690,0x00000000ecc00000)
  to   space 4096K, 0% used [0x00000000ec400000,0x00000000ec400000,0x00000000ec800000)
 ParOldGen       total 68608K, used 1031K [0x00000000c0000000, 0x00000000c4300000, 0x00000000eab00000)
  object space 68608K, 1% used [0x00000000c0000000,0x00000000c0101ec8,0x00000000c4300000)
 Metaspace       used 14849K, committed 15168K, reserved 1064960K
  class space    used 1511K, committed 1664K, reserved 1048576K
}
Event: 7.189 GC heap before
{Heap before GC invocations=3 (full 0):
 PSYoungGen      total 29696K, used 29677K [0x00000000eab00000, 0x00000000ecc00000, 0x0000000100000000)
  eden space 25600K, 100% used [0x00000000eab00000,0x00000000ec400000,0x00000000ec400000)
  from space 4096K, 99% used [0x00000000ec800000,0x00000000ecbfb690,0x00000000ecc00000)
  to   space 4096K, 0% used [0x00000000ec400000,0x00000000ec400000,0x00000000ec800000)
 ParOldGen       total 68608K, used 1031K [0x00000000c0000000, 0x00000000c4300000, 0x00000000eab00000)
  object space 68608K, 1% used [0x00000000c0000000,0x00000000c0101ec8,0x00000000c4300000)
 Metaspace       used 19983K, committed 20352K, reserved 1073152K
  class space    used 2032K, committed 2176K, reserved 1048576K
}
Event: 7.195 GC heap after
{Heap after GC invocations=3 (full 0):
 PSYoungGen      total 29696K, used 4065K [0x00000000eab00000, 0x00000000ecc00000, 0x0000000100000000)
  eden space 25600K, 0% used [0x00000000eab00000,0x00000000eab00000,0x00000000ec400000)
  from space 4096K, 99% used [0x00000000ec400000,0x00000000ec7f8730,0x00000000ec800000)
  to   space 4096K, 0% used [0x00000000ec800000,0x00000000ec800000,0x00000000ecc00000)
 ParOldGen       total 68608K, used 3205K [0x00000000c0000000, 0x00000000c4300000, 0x00000000eab00000)
  object space 68608K, 4% used [0x00000000c0000000,0x00000000c03214c8,0x00000000c4300000)
 Metaspace       used 19983K, committed 20352K, reserved 1073152K
  class space    used 2032K, committed 2176K, reserved 1048576K
}
Event: 7.409 GC heap before
{Heap before GC invocations=4 (full 0):
 PSYoungGen      total 29696K, used 10718K [0x00000000eab00000, 0x00000000ecc00000, 0x0000000100000000)
  eden space 25600K, 25% used [0x00000000eab00000,0x00000000eb17f168,0x00000000ec400000)
  from space 4096K, 99% used [0x00000000ec400000,0x00000000ec7f8730,0x00000000ec800000)
  to   space 4096K, 0% used [0x00000000ec800000,0x00000000ec800000,0x00000000ecc00000)
 ParOldGen       total 68608K, used 3205K [0x00000000c0000000, 0x00000000c4300000, 0x00000000eab00000)
  object space 68608K, 4% used [0x00000000c0000000,0x00000000c03214c8,0x00000000c4300000)
 Metaspace       used 21098K, committed 21504K, reserved 1073152K
  class space    used 2144K, committed 2304K, reserved 1048576K
}
Event: 7.412 GC heap after
{Heap after GC invocations=4 (full 0):
 PSYoungGen      total 29696K, used 4087K [0x00000000eab00000, 0x00000000ecc00000, 0x0000000100000000)
  eden space 25600K, 0% used [0x00000000eab00000,0x00000000eab00000,0x00000000ec400000)
  from space 4096K, 99% used [0x00000000ec800000,0x00000000ecbfdee8,0x00000000ecc00000)
  to   space 4096K, 0% used [0x00000000ec400000,0x00000000ec400000,0x00000000ec800000)
 ParOldGen       total 68608K, used 3537K [0x00000000c0000000, 0x00000000c4300000, 0x00000000eab00000)
  object space 68608K, 5% used [0x00000000c0000000,0x00000000c03746c0,0x00000000c4300000)
 Metaspace       used 21098K, committed 21504K, reserved 1073152K
  class space    used 2144K, committed 2304K, reserved 1048576K
}
Event: 7.412 GC heap before
{Heap before GC invocations=5 (full 1):
 PSYoungGen      total 29696K, used 4087K [0x00000000eab00000, 0x00000000ecc00000, 0x0000000100000000)
  eden space 25600K, 0% used [0x00000000eab00000,0x00000000eab00000,0x00000000ec400000)
  from space 4096K, 99% used [0x00000000ec800000,0x00000000ecbfdee8,0x00000000ecc00000)
  to   space 4096K, 0% used [0x00000000ec400000,0x00000000ec400000,0x00000000ec800000)
 ParOldGen       total 68608K, used 3537K [0x00000000c0000000, 0x00000000c4300000, 0x00000000eab00000)
  object space 68608K, 5% used [0x00000000c0000000,0x00000000c03746c0,0x00000000c4300000)
 Metaspace       used 21098K, committed 21504K, reserved 1073152K
  class space    used 2144K, committed 2304K, reserved 1048576K
}
Event: 7.437 GC heap after
{Heap after GC invocations=5 (full 1):
 PSYoungGen      total 29696K, used 0K [0x00000000eab00000, 0x00000000ecc00000, 0x0000000100000000)
  eden space 25600K, 0% used [0x00000000eab00000,0x00000000eab00000,0x00000000ec400000)
  from space 4096K, 0% used [0x00000000ec800000,0x00000000ec800000,0x00000000ecc00000)
  to   space 4096K, 0% used [0x00000000ec400000,0x00000000ec400000,0x00000000ec800000)
 ParOldGen       total 68608K, used 7457K [0x00000000c0000000, 0x00000000c4300000, 0x00000000eab00000)
  object space 68608K, 10% used [0x00000000c0000000,0x00000000c0748758,0x00000000c4300000)
 Metaspace       used 21085K, committed 21504K, reserved 1073152K
  class space    used 2141K, committed 2304K, reserved 1048576K
}
Event: 7.886 GC heap before
{Heap before GC invocations=6 (full 1):
 PSYoungGen      total 29696K, used 25600K [0x00000000eab00000, 0x00000000ecc00000, 0x0000000100000000)
  eden space 25600K, 100% used [0x00000000eab00000,0x00000000ec400000,0x00000000ec400000)
  from space 4096K, 0% used [0x00000000ec800000,0x00000000ec800000,0x00000000ecc00000)
  to   space 4096K, 0% used [0x00000000ec400000,0x00000000ec400000,0x00000000ec800000)
 ParOldGen       total 68608K, used 7457K [0x00000000c0000000, 0x00000000c4300000, 0x00000000eab00000)
  object space 68608K, 10% used [0x00000000c0000000,0x00000000c0748758,0x00000000c4300000)
 Metaspace       used 24672K, committed 25088K, reserved 1073152K
  class space    used 2408K, committed 2560K, reserved 1048576K
}
Event: 7.888 GC heap after
{Heap after GC invocations=6 (full 1):
 PSYoungGen      total 25600K, used 288K [0x00000000eab00000, 0x00000000ec880000, 0x0000000100000000)
  eden space 25088K, 0% used [0x00000000eab00000,0x00000000eab00000,0x00000000ec380000)
  from space 512K, 56% used [0x00000000ec400000,0x00000000ec448000,0x00000000ec480000)
  to   space 2048K, 0% used [0x00000000ec680000,0x00000000ec680000,0x00000000ec880000)
 ParOldGen       total 68608K, used 7457K [0x00000000c0000000, 0x00000000c4300000, 0x00000000eab00000)
  object space 68608K, 10% used [0x00000000c0000000,0x00000000c0748758,0x00000000c4300000)
 Metaspace       used 24672K, committed 25088K, reserved 1073152K
  class space    used 2408K, committed 2560K, reserved 1048576K
}

Deoptimization events (20 events):
Event: 8.596 Thread 0x0000019495816e70 Uncommon trap: trap_request=0xffffffc6 fr.pc=0x000001948a6f7870 relative=0x00000000000009b0
Event: 8.596 Thread 0x0000019495816e70 Uncommon trap: reason=bimorphic_or_optimized_type_check action=maybe_recompile pc=0x000001948a6f7870 method=java.util.HashMap.putVal(ILjava/lang/Object;Ljava/lang/Object;ZZ)Ljava/lang/Object; @ 56 c2
Event: 8.596 Thread 0x0000019495816e70 DEOPT PACKING pc=0x000001948a6f7870 sp=0x00000039d47fdd60
Event: 8.596 Thread 0x0000019495816e70 DEOPT UNPACKING pc=0x0000019482c020a3 sp=0x00000039d47fdcb8 mode 2
Event: 8.597 Thread 0x0000019495816e70 Uncommon trap: trap_request=0xffffffc6 fr.pc=0x000001948a6f7870 relative=0x00000000000009b0
Event: 8.597 Thread 0x0000019495816e70 Uncommon trap: reason=bimorphic_or_optimized_type_check action=maybe_recompile pc=0x000001948a6f7870 method=java.util.HashMap.putVal(ILjava/lang/Object;Ljava/lang/Object;ZZ)Ljava/lang/Object; @ 56 c2
Event: 8.597 Thread 0x0000019495816e70 DEOPT PACKING pc=0x000001948a6f7870 sp=0x00000039d47fdd60
Event: 8.597 Thread 0x0000019495816e70 DEOPT UNPACKING pc=0x0000019482c020a3 sp=0x00000039d47fdcb8 mode 2
Event: 8.597 Thread 0x0000019495816e70 Uncommon trap: trap_request=0xffffffc6 fr.pc=0x000001948a6f7870 relative=0x00000000000009b0
Event: 8.597 Thread 0x0000019495816e70 Uncommon trap: reason=bimorphic_or_optimized_type_check action=maybe_recompile pc=0x000001948a6f7870 method=java.util.HashMap.putVal(ILjava/lang/Object;Ljava/lang/Object;ZZ)Ljava/lang/Object; @ 56 c2
Event: 8.597 Thread 0x0000019495816e70 DEOPT PACKING pc=0x000001948a6f7870 sp=0x00000039d47fdd60
Event: 8.597 Thread 0x0000019495816e70 DEOPT UNPACKING pc=0x0000019482c020a3 sp=0x00000039d47fdcb8 mode 2
Event: 8.597 Thread 0x0000019495816e70 Uncommon trap: trap_request=0xffffffc6 fr.pc=0x000001948a6f78a8 relative=0x00000000000009e8
Event: 8.597 Thread 0x0000019495816e70 Uncommon trap: reason=bimorphic_or_optimized_type_check action=maybe_recompile pc=0x000001948a6f78a8 method=java.util.HashMap.putVal(ILjava/lang/Object;Ljava/lang/Object;ZZ)Ljava/lang/Object; @ 152 c2
Event: 8.597 Thread 0x0000019495816e70 DEOPT PACKING pc=0x000001948a6f78a8 sp=0x00000039d47fdd60
Event: 8.597 Thread 0x0000019495816e70 DEOPT UNPACKING pc=0x0000019482c020a3 sp=0x00000039d47fdcc0 mode 2
Event: 8.597 Thread 0x0000019495816e70 Uncommon trap: trap_request=0xffffffc6 fr.pc=0x000001948a6f7870 relative=0x00000000000009b0
Event: 8.597 Thread 0x0000019495816e70 Uncommon trap: reason=bimorphic_or_optimized_type_check action=maybe_recompile pc=0x000001948a6f7870 method=java.util.HashMap.putVal(ILjava/lang/Object;Ljava/lang/Object;ZZ)Ljava/lang/Object; @ 56 c2
Event: 8.597 Thread 0x0000019495816e70 DEOPT PACKING pc=0x000001948a6f7870 sp=0x00000039d47fdd60
Event: 8.597 Thread 0x0000019495816e70 DEOPT UNPACKING pc=0x0000019482c020a3 sp=0x00000039d47fdcb8 mode 2

Classes unloaded (7 events):
Event: 7.416 Thread 0x00000194fe9aeaf0 Unloading class 0x0000000100214400 'java/lang/invoke/LambdaForm$MH+0x0000000100214400'
Event: 7.416 Thread 0x00000194fe9aeaf0 Unloading class 0x0000000100214000 'java/lang/invoke/LambdaForm$MH+0x0000000100214000'
Event: 7.416 Thread 0x00000194fe9aeaf0 Unloading class 0x0000000100213c00 'java/lang/invoke/LambdaForm$MH+0x0000000100213c00'
Event: 7.416 Thread 0x00000194fe9aeaf0 Unloading class 0x0000000100213800 'java/lang/invoke/LambdaForm$MH+0x0000000100213800'
Event: 7.416 Thread 0x00000194fe9aeaf0 Unloading class 0x0000000100213000 'java/lang/invoke/LambdaForm$BMH+0x0000000100213000'
Event: 7.416 Thread 0x00000194fe9aeaf0 Unloading class 0x0000000100212c00 'java/lang/invoke/LambdaForm$DMH+0x0000000100212c00'
Event: 7.416 Thread 0x00000194fe9aeaf0 Unloading class 0x0000000100210000 'java/lang/invoke/LambdaForm$DMH+0x0000000100210000'

Classes redefined (0 events):
No events

Internal exceptions (20 events):
Event: 5.645 Thread 0x0000019495816e70 Exception <a 'java/lang/NoSuchMethodError'{0x00000000ec0f1520}: 'java.lang.Object java.lang.invoke.DirectMethodHandle$Holder.invokeStaticInit(java.lang.Object)'> (0x00000000ec0f1520) 
thrown [e:\jenkins\tmp\workspace\build\src\src\hotspot\share\interpreter\linkResolver.cpp, line 766]
Event: 6.701 Thread 0x0000019495816e70 Exception <a 'java/io/FileNotFoundException'{0x00000000eb416268}> (0x00000000eb416268) 
thrown [e:\jenkins\tmp\workspace\build\src\src\hotspot\share\prims\jni.cpp, line 516]
Event: 6.710 Thread 0x0000019495816e70 Exception <a 'java/lang/NullPointerException'{0x00000000eb467a80}> (0x00000000eb467a80) 
thrown [e:\jenkins\tmp\workspace\build\src\src\hotspot\share\interpreter\linkResolver.cpp, line 1357]
Event: 6.710 Thread 0x0000019495816e70 Exception <a 'java/lang/NullPointerException'{0x00000000eb4682a8}> (0x00000000eb4682a8) 
thrown [e:\jenkins\tmp\workspace\build\src\src\hotspot\share\interpreter\linkResolver.cpp, line 1357]
Event: 6.935 Thread 0x0000019495816e70 Exception <a 'java/lang/NoSuchMethodError'{0x00000000ebb41688}: 'void java.lang.invoke.DirectMethodHandle$Holder.invokeInterface(java.lang.Object, java.lang.Object, java.lang.Object)'> (0x00000000ebb41688) 
thrown [e:\jenkins\tmp\workspace\build\src\src\hotspot\share\interpreter\linkResolver.cpp, line 766]
Event: 6.998 Thread 0x0000019495816e70 Exception <a 'java/lang/NoSuchMethodError'{0x00000000ebe5e480}: 'java.lang.Object java.lang.invoke.Invokers$Holder.invokeExact_MT(java.lang.Object, java.lang.Object, java.lang.Object, java.lang.Object, java.lang.Object, java.lang.Object)'> (0x00000000ebe5e480) 
thrown [e:\jenkins\tmp\workspace\build\src\src\hotspot\share\interpreter\linkResolver.cpp, line 766]
Event: 7.029 Thread 0x0000019495816e70 Exception <a 'java/lang/NoSuchMethodError'{0x00000000ebf41258}: 'java.lang.Object java.lang.invoke.DirectMethodHandle$Holder.invokeStatic(java.lang.Object, java.lang.Object, int)'> (0x00000000ebf41258) 
thrown [e:\jenkins\tmp\workspace\build\src\src\hotspot\share\interpreter\linkResolver.cpp, line 766]
Event: 7.030 Thread 0x0000019495816e70 Exception <a 'java/lang/NoSuchMethodError'{0x00000000ebf460b0}: 'void java.lang.invoke.DirectMethodHandle$Holder.invokeStatic(java.lang.Object, java.lang.Object, int, java.lang.Object)'> (0x00000000ebf460b0) 
thrown [e:\jenkins\tmp\workspace\build\src\src\hotspot\share\interpreter\linkResolver.cpp, line 766]
Event: 7.031 Thread 0x0000019495816e70 Exception <a 'java/lang/NoSuchMethodError'{0x00000000ebf4da88}: 'void java.lang.invoke.DelegatingMethodHandle$Holder.delegate(java.lang.Object, java.lang.Object, int, java.lang.Object)'> (0x00000000ebf4da88) 
thrown [e:\jenkins\tmp\workspace\build\src\src\hotspot\share\interpreter\linkResolver.cpp, line 766]
Event: 7.032 Thread 0x0000019495816e70 Exception <a 'java/lang/NoSuchMethodError'{0x00000000ebf52610}: 'int java.lang.invoke.DirectMethodHandle$Holder.invokeSpecial(java.lang.Object, java.lang.Object, java.lang.Object)'> (0x00000000ebf52610) 
thrown [e:\jenkins\tmp\workspace\build\src\src\hotspot\share\interpreter\linkResolver.cpp, line 766]
Event: 7.035 Thread 0x0000019495816e70 Exception <a 'java/lang/NoSuchMethodError'{0x00000000ebf62c00}: 'int java.lang.invoke.DirectMethodHandle$Holder.invokeStatic(java.lang.Object, java.lang.Object, int)'> (0x00000000ebf62c00) 
thrown [e:\jenkins\tmp\workspace\build\src\src\hotspot\share\interpreter\linkResolver.cpp, line 766]
Event: 7.035 Thread 0x0000019495816e70 Exception <a 'java/lang/NoSuchMethodError'{0x00000000ebf66ed0}: 'int java.lang.invoke.DirectMethodHandle$Holder.invokeSpecial(java.lang.Object, java.lang.Object, java.lang.Object, int)'> (0x00000000ebf66ed0) 
thrown [e:\jenkins\tmp\workspace\build\src\src\hotspot\share\interpreter\linkResolver.cpp, line 766]
Event: 7.037 Thread 0x0000019495816e70 Exception <a 'java/lang/NoSuchMethodError'{0x00000000ebf81e20}: 'java.lang.Object java.lang.invoke.DirectMethodHandle$Holder.invokeStatic(java.lang.Object, java.lang.Object, java.lang.Object, java.lang.Object, int)'> (0x00000000ebf81e20) 
thrown [e:\jenkins\tmp\workspace\build\src\src\hotspot\share\interpreter\linkResolver.cpp, line 766]
Event: 7.038 Thread 0x0000019495816e70 Exception <a 'java/lang/NoSuchMethodError'{0x00000000ebf8de18}: 'java.lang.Object java.lang.invoke.DelegatingMethodHandle$Holder.reinvoke_L(java.lang.Object, java.lang.Object, java.lang.Object, java.lang.Object, int, int)'> (0x00000000ebf8de18) 
thrown [e:\jenkins\tmp\workspace\build\src\src\hotspot\share\interpreter\linkResolver.cpp, line 766]
Event: 7.041 Thread 0x0000019495816e70 Exception <a 'java/lang/NoSuchMethodError'{0x00000000ebfa59a8}: 'java.lang.Object java.lang.invoke.Invokers$Holder.invokeExact_MT(java.lang.Object, java.lang.Object, java.lang.Object, java.lang.Object)'> (0x00000000ebfa59a8) 
thrown [e:\jenkins\tmp\workspace\build\src\src\hotspot\share\interpreter\linkResolver.cpp, line 766]
Event: 7.329 Thread 0x0000019495816e70 Exception <a 'java/lang/NoSuchMethodError'{0x00000000eaf31758}: 'int java.lang.invoke.DirectMethodHandle$Holder.invokeStaticInit(java.lang.Object, java.lang.Object, java.lang.Object)'> (0x00000000eaf31758) 
thrown [e:\jenkins\tmp\workspace\build\src\src\hotspot\share\interpreter\linkResolver.cpp, line 766]
Event: 7.341 Thread 0x0000019495816e70 Exception <a 'java/lang/IncompatibleClassChangeError'{0x00000000eafa98e8}: Found class java.lang.Object, but interface was expected> (0x00000000eafa98e8) 
thrown [e:\jenkins\tmp\workspace\build\src\src\hotspot\share\interpreter\linkResolver.cpp, line 833]
Event: 8.289 Thread 0x0000019495816e70 Exception <a 'java/lang/ClassNotFoundException'{0x00000000ebed1a30}: com/sun/org/apache/xerces/internal/impl/msg/spi/DOMMessagesProvider> (0x00000000ebed1a30) 
thrown [e:\jenkins\tmp\workspace\build\src\src\hotspot\share\classfile\systemDictionary.cpp, line 256]
Event: 8.296 Thread 0x0000019495816e70 Exception <a 'java/lang/ClassNotFoundException'{0x00000000ebef8848}: com/sun/org/apache/xerces/internal/impl/msg/spi/XMLSerializerMessagesProvider> (0x00000000ebef8848) 
thrown [e:\jenkins\tmp\workspace\build\src\src\hotspot\share\classfile\systemDictionary.cpp, line 256]
Event: 8.299 Thread 0x0000019495816e70 Exception <a 'java/lang/ClassNotFoundException'{0x00000000ebf05b20}: com/sun/org/apache/xerces/internal/impl/msg/spi/XMLMessagesProvider> (0x00000000ebf05b20) 
thrown [e:\jenkins\tmp\workspace\build\src\src\hotspot\share\classfile\systemDictionary.cpp, line 256]

VM Operations (20 events):
Event: 6.507 Executing VM operation: ParallelGCFailedAllocation
Event: 6.517 Executing VM operation: ParallelGCFailedAllocation done
Event: 6.916 Executing VM operation: HandshakeAllThreads
Event: 6.916 Executing VM operation: HandshakeAllThreads done
Event: 6.919 Executing VM operation: HandshakeAllThreads
Event: 6.919 Executing VM operation: HandshakeAllThreads done
Event: 7.025 Executing VM operation: HandshakeAllThreads
Event: 7.025 Executing VM operation: HandshakeAllThreads done
Event: 7.189 Executing VM operation: ParallelGCFailedAllocation
Event: 7.195 Executing VM operation: ParallelGCFailedAllocation done
Event: 7.367 Executing VM operation: HandshakeAllThreads
Event: 7.367 Executing VM operation: HandshakeAllThreads done
Event: 7.409 Executing VM operation: CollectForMetadataAllocation
Event: 7.438 Executing VM operation: CollectForMetadataAllocation done
Event: 7.886 Executing VM operation: ParallelGCFailedAllocation
Event: 7.888 Executing VM operation: ParallelGCFailedAllocation done
Event: 8.449 Executing VM operation: HandshakeAllThreads
Event: 8.466 Executing VM operation: HandshakeAllThreads done
Event: 8.596 Executing VM operation: HandshakeAllThreads
Event: 8.596 Executing VM operation: HandshakeAllThreads done

Events (20 events):
Event: 8.500 loading class java/net/SocketAddress done
Event: 8.500 loading class java/net/InetSocketAddress
Event: 8.500 loading class java/net/InetSocketAddress done
Event: 8.501 loading class java/nio/channels/AsynchronousByteChannel
Event: 8.501 loading class java/nio/channels/AsynchronousChannel
Event: 8.501 loading class java/nio/channels/AsynchronousChannel done
Event: 8.501 loading class java/nio/channels/AsynchronousByteChannel done
Event: 8.584 Thread 0x0000019497059000 Thread exited: 0x0000019497059000
Event: 8.594 loading class java/lang/ProcessEnvironment
Event: 8.595 loading class java/lang/ProcessEnvironment done
Event: 8.596 loading class java/lang/ProcessEnvironment$NameComparator
Event: 8.596 loading class java/lang/ProcessEnvironment$NameComparator done
Event: 8.596 loading class java/lang/ProcessEnvironment$EntryComparator
Event: 8.596 loading class java/lang/ProcessEnvironment$EntryComparator done
Event: 8.597 loading class java/lang/ProcessEnvironment$CheckedEntrySet
Event: 8.597 loading class java/lang/ProcessEnvironment$CheckedEntrySet done
Event: 8.598 loading class java/lang/ProcessEnvironment$CheckedEntrySet$1
Event: 8.598 loading class java/lang/ProcessEnvironment$CheckedEntrySet$1 done
Event: 8.598 loading class java/lang/ProcessEnvironment$CheckedEntry
Event: 8.598 loading class java/lang/ProcessEnvironment$CheckedEntry done


Dynamic libraries:
0x00007ff632180000 - 0x00007ff63218e000 	c:\Users\hugor\.vscode\extensions\redhat.java-1.9.0-win32-x64\jre\17.0.3-win32-x86_64\bin\java.exe
0x00007ffdb9e90000 - 0x00007ffdba0a4000 	C:\WINDOWS\SYSTEM32\ntdll.dll
0x00007ffdb9360000 - 0x00007ffdb9422000 	C:\WINDOWS\System32\KERNEL32.DLL
0x00007ffdb7900000 - 0x00007ffdb7c9c000 	C:\WINDOWS\System32\KERNELBASE.dll
0x00007ffdb7620000 - 0x00007ffdb7731000 	C:\WINDOWS\System32\ucrtbase.dll
0x00007ffda0300000 - 0x00007ffda0319000 	c:\Users\hugor\.vscode\extensions\redhat.java-1.9.0-win32-x64\jre\17.0.3-win32-x86_64\bin\VCRUNTIME140.dll
0x00007ffda7850000 - 0x00007ffda7868000 	c:\Users\hugor\.vscode\extensions\redhat.java-1.9.0-win32-x64\jre\17.0.3-win32-x86_64\bin\jli.dll
0x00007ffdb8240000 - 0x00007ffdb83eb000 	C:\WINDOWS\System32\USER32.dll
0x00007ffdb7340000 - 0x00007ffdb7366000 	C:\WINDOWS\System32\win32u.dll
0x00007ffdb8150000 - 0x00007ffdb8179000 	C:\WINDOWS\System32\GDI32.dll
0x00007ffdb77e0000 - 0x00007ffdb78f2000 	C:\WINDOWS\System32\gdi32full.dll
0x00007ffdb7740000 - 0x00007ffdb77da000 	C:\WINDOWS\System32\msvcp_win.dll
0x00007ffd99840000 - 0x00007ffd99ace000 	C:\WINDOWS\WinSxS\amd64_microsoft.windows.common-controls_6595b64144ccf1df_6.0.22621.436_none_a94247dbc10d8414\COMCTL32.dll
0x00007ffdb7d10000 - 0x00007ffdb7db7000 	C:\WINDOWS\System32\msvcrt.dll
0x00007ffdb8bd0000 - 0x00007ffdb8c01000 	C:\WINDOWS\System32\IMM32.DLL
0x00007ffdaf740000 - 0x00007ffdaf74c000 	c:\Users\hugor\.vscode\extensions\redhat.java-1.9.0-win32-x64\jre\17.0.3-win32-x86_64\bin\vcruntime140_1.dll
0x00007ffd7d360000 - 0x00007ffd7d3f1000 	c:\Users\hugor\.vscode\extensions\redhat.java-1.9.0-win32-x64\jre\17.0.3-win32-x86_64\bin\msvcp140.dll
0x00007ffd57620000 - 0x00007ffd58268000 	c:\Users\hugor\.vscode\extensions\redhat.java-1.9.0-win32-x64\jre\17.0.3-win32-x86_64\bin\server\jvm.dll
0x00007ffdb9430000 - 0x00007ffdb94de000 	C:\WINDOWS\System32\ADVAPI32.dll
0x00007ffdb8190000 - 0x00007ffdb8234000 	C:\WINDOWS\System32\sechost.dll
0x00007ffdb9240000 - 0x00007ffdb9355000 	C:\WINDOWS\System32\RPCRT4.dll
0x00007ffdb8180000 - 0x00007ffdb8188000 	C:\WINDOWS\System32\PSAPI.DLL
0x00007ffd972c0000 - 0x00007ffd972c9000 	C:\WINDOWS\SYSTEM32\WSOCK32.dll
0x00007ffdb7dc0000 - 0x00007ffdb7e31000 	C:\WINDOWS\System32\WS2_32.dll
0x00007ffdb1e20000 - 0x00007ffdb1e54000 	C:\WINDOWS\SYSTEM32\WINMM.dll
0x00007ffdaec40000 - 0x00007ffdaec4a000 	C:\WINDOWS\SYSTEM32\VERSION.dll
0x00007ffdb63b0000 - 0x00007ffdb63c8000 	C:\WINDOWS\SYSTEM32\kernel.appcore.dll
0x00007ffdaf300000 - 0x00007ffdaf30a000 	c:\Users\hugor\.vscode\extensions\redhat.java-1.9.0-win32-x64\jre\17.0.3-win32-x86_64\bin\jimage.dll
0x00007ffdae4c0000 - 0x00007ffdae6ee000 	C:\WINDOWS\SYSTEM32\DBGHELP.DLL
0x00007ffdb8510000 - 0x00007ffdb8899000 	C:\WINDOWS\System32\combase.dll
0x00007ffdb9d70000 - 0x00007ffdb9e47000 	C:\WINDOWS\System32\OLEAUT32.dll
0x00007ffdae440000 - 0x00007ffdae472000 	C:\WINDOWS\SYSTEM32\dbgcore.DLL
0x00007ffdb7430000 - 0x00007ffdb74ab000 	C:\WINDOWS\System32\bcryptPrimitives.dll
0x00007ffdaaa70000 - 0x00007ffdaaa7e000 	c:\Users\hugor\.vscode\extensions\redhat.java-1.9.0-win32-x64\jre\17.0.3-win32-x86_64\bin\instrument.dll
0x00007ffd9fd60000 - 0x00007ffd9fd85000 	c:\Users\hugor\.vscode\extensions\redhat.java-1.9.0-win32-x64\jre\17.0.3-win32-x86_64\bin\java.dll
0x00007ffd9fe30000 - 0x00007ffd9fe48000 	c:\Users\hugor\.vscode\extensions\redhat.java-1.9.0-win32-x64\jre\17.0.3-win32-x86_64\bin\zip.dll
0x00007ffdb94e0000 - 0x00007ffdb9cbb000 	C:\WINDOWS\System32\SHELL32.dll
0x00007ffdb52f0000 - 0x00007ffdb5ba4000 	C:\WINDOWS\SYSTEM32\windows.storage.dll
0x00007ffdb51b0000 - 0x00007ffdb52ed000 	C:\WINDOWS\SYSTEM32\wintypes.dll
0x00007ffdb7e40000 - 0x00007ffdb7f31000 	C:\WINDOWS\System32\SHCORE.dll
0x00007ffdb8490000 - 0x00007ffdb84ee000 	C:\WINDOWS\System32\shlwapi.dll
0x00007ffdb7200000 - 0x00007ffdb7221000 	C:\WINDOWS\SYSTEM32\profapi.dll
0x00007ffd9e6e0000 - 0x00007ffd9e6f9000 	C:\Users\hugor\.vscode\extensions\redhat.java-1.9.0-win32-x64\jre\17.0.3-win32-x86_64\bin\net.dll
0x00007ffdb0920000 - 0x00007ffdb0a4f000 	C:\WINDOWS\SYSTEM32\WINHTTP.dll
0x00007ffdb6850000 - 0x00007ffdb68b9000 	C:\WINDOWS\system32\mswsock.dll
0x00007ffd9e590000 - 0x00007ffd9e5a5000 	C:\Users\hugor\.vscode\extensions\redhat.java-1.9.0-win32-x64\jre\17.0.3-win32-x86_64\bin\nio.dll
0x00007ffda02f0000 - 0x00007ffda0300000 	c:\Users\hugor\.vscode\extensions\redhat.java-1.9.0-win32-x64\jre\17.0.3-win32-x86_64\bin\verify.dll
0x00007ffd73f60000 - 0x00007ffd73f9e000 	C:\Users\hugor\AppData\Roaming\Code\User\globalStorage\redhat.java\1.9.0\config_ss_win\org.eclipse.equinox.launcher\org.eclipse.equinox.launcher.win32.win32.x86_64_1.2.500.v20220509-0833\eclipse_11700.dll
0x00007ffdb7f40000 - 0x00007ffdb80dc000 	C:\WINDOWS\System32\ole32.dll

dbghelp: loaded successfully - version: 4.0.5 - missing functions: none
symbol engine: initialized successfully - sym options: 0x614 - pdb path: .;c:\Users\hugor\.vscode\extensions\redhat.java-1.9.0-win32-x64\jre\17.0.3-win32-x86_64\bin;C:\WINDOWS\SYSTEM32;C:\WINDOWS\WinSxS\amd64_microsoft.windows.common-controls_6595b64144ccf1df_6.0.22621.436_none_a94247dbc10d8414;c:\Users\hugor\.vscode\extensions\redhat.java-1.9.0-win32-x64\jre\17.0.3-win32-x86_64\bin\server;C:\Users\hugor\AppData\Roaming\Code\User\globalStorage\redhat.java\1.9.0\config_ss_win\org.eclipse.equinox.launcher\org.eclipse.equinox.launcher.win32.win32.x86_64_1.2.500.v20220509-0833

VM Arguments:
jvm_args: --add-modules=ALL-SYSTEM --add-opens=java.base/java.util=ALL-UNNAMED --add-opens=java.base/java.lang=ALL-UNNAMED --add-opens=java.base/sun.nio.fs=ALL-UNNAMED -Declipse.application=org.eclipse.jdt.ls.core.id1 -Dosgi.bundles.defaultStartLevel=4 -Declipse.product=org.eclipse.jdt.ls.core.product -Djava.import.generatesMetadataFilesAtProjectRoot=false -Dfile.encoding=utf8 -DwatchParentProcess=false -XX:+UseParallelGC -XX:GCTimeRatio=4 -XX:AdaptiveSizePolicyWeight=90 -Dsun.zip.disableMemoryMapping=true -Xmx1G -Xms100m -javaagent:c:\Users\hugor\.vscode\extensions\redhat.java-1.9.0-win32-x64\lombok\lombok-1.18.24.jar 
java_command: c:\Users\hugor\.vscode\extensions\redhat.java-1.9.0-win32-x64\server\plugins\org.eclipse.equinox.launcher_1.6.400.v20210924-0641.jar -configuration c:\Users\hugor\AppData\Roaming\Code\User\globalStorage\redhat.java\1.9.0\config_ss_win -data c:\Users\hugor\AppData\Roaming\Code\User\workspaceStorage\1f59598b37ccc40b5420a7bc95a9f2e1\redhat.java\ss_ws
java_class_path (initial): c:\Users\hugor\.vscode\extensions\redhat.java-1.9.0-win32-x64\server\plugins\org.eclipse.equinox.launcher_1.6.400.v20210924-0641.jar
Launcher Type: SUN_STANDARD

[Global flags]
    uintx AdaptiveSizePolicyWeight                 = 90                                        {product} {command line}
     intx CICompilerCount                          = 4                                         {product} {ergonomic}
    uintx GCTimeRatio                              = 4                                         {product} {command line}
   size_t InitialHeapSize                          = 104857600                                 {product} {command line}
   size_t MaxHeapSize                              = 1073741824                                {product} {command line}
   size_t MaxNewSize                               = 357564416                                 {product} {ergonomic}
   size_t MinHeapDeltaBytes                        = 524288                                    {product} {ergonomic}
   size_t MinHeapSize                              = 104857600                                 {product} {command line}
   size_t NewSize                                  = 34603008                                  {product} {ergonomic}
    uintx NonNMethodCodeHeapSize                   = 5839372                                {pd product} {ergonomic}
    uintx NonProfiledCodeHeapSize                  = 122909434                              {pd product} {ergonomic}
   size_t OldSize                                  = 70254592                                  {product} {ergonomic}
    uintx ProfiledCodeHeapSize                     = 122909434                              {pd product} {ergonomic}
    uintx ReservedCodeCacheSize                    = 251658240                              {pd product} {ergonomic}
     bool SegmentedCodeCache                       = true                                      {product} {ergonomic}
   size_t SoftMaxHeapSize                          = 1073741824                             {manageable} {ergonomic}
     bool UseCompressedClassPointers               = true                           {product lp64_product} {ergonomic}
     bool UseCompressedOops                        = true                           {product lp64_product} {ergonomic}
     bool UseLargePagesIndividualAllocation        = false                                  {pd product} {ergonomic}
     bool UseParallelGC                            = true                                      {product} {command line}

Logging:
Log output configuration:
 #0: stdout all=warning uptime,level,tags
 #1: stderr all=off uptime,level,tags

Environment Variables:
JAVA_HOME=C:\Program Files\Java\zulu17.34.19-ca-jdk17.0.3-win_x64
PATH=C:\Python310\Scripts\;C:\Python310\;C:\Program Files\Java\zulu17.30.15-ca-jdk17.0.1-linux_x64\bin;C:\Program Files\Microsoft\jdk-11.0.12.7-hotspot\bin;C:\Program Files\Maeven\bin;C:\Users\hugor\AppData\Roaming\ActiveState\bin;C:\Program Files (x86)\Common Files\Intel\Shared Libraries\redist\intel64\compiler;C:\Program Files (x86)\Common Files\Oracle\Java\javapath;C:\Windows\system32;C:\Windows;C:\Windows\System32\Wbem;C:\Windows\System32\WindowsPowerShell\v1.0\;C:\Windows\System32\OpenSSH\;C:\Program Files (x86)\NVIDIA Corporation\PhysX\Common;C:\Program Files\NVIDIA Corporation\NVIDIA NvDLISR;C:\WINDOWS\system32;C:\WINDOWS;C:\WINDOWS\System32\Wbem;C:\WINDOWS\System32\WindowsPowerShell\v1.0\;C:\WINDOWS\System32\OpenSSH\;C:\Program Files\Microsoft SQL Server\150\Tools\Binn\;C:\Program Files\Microsoft SQL Server\Client SDK\ODBC\170\Tools\Binn\;C:\ProgramData\chocolatey\bin;C:\WINDOWS\system32;C:\WINDOWS;C:\WINDOWS\System32\Wbem;C:\WINDOWS\System32\WindowsPowerShell\v1.0\;C:\WINDOWS\System32\OpenSSH\;C:\Program Files\dotnet\;C:\Program Files\Go\bin;C:\Program Files\nodejs\;C:\Users\hugor\AppData\Roaming\local\bin;C:\Program Files\MySQL\MySQL Shell 8.0\bin\;C:\Users\hugor\AppData\Local\activestate\StateTool\release;C:\Users\hugor\AppData\Local\ActiveState\StateTool\release;C:\Users\hugor\AppData\Local\activestate\cache\bin;C:\Users\hugor\AppData\Local\Programs\Python\Python39\Scripts\;C:\Users\hugor\AppData\Local\Programs\Python\Python39\;C:\Users\hugor\AppData\Local\activestate\bin;C:\Users\hugor\AppData\Local\Microsoft\WindowsApps;C:\Program Files\mingw-w64\x86_64-8.1.0-posix-seh-rt_v6-rev0\mingw64\bin;C:\Users\hugor\.dotnet\tools;C:\Users\hugor\AppData\Local\Programs\Microsoft VS Code\bin;C:\protobuf\bin;C:\Program Files\JetBrains\IntelliJ IDEA 2022.1.3\bin;;C:\ghcup\bin;C:\Users\hugor\go\bin;C:\Users\hugor\AppData\Roaming\npm
USERNAME=hugor
OS=Windows_NT
PROCESSOR_IDENTIFIER=Intel64 Family 6 Model 158 Stepping 10, GenuineIntel



---------------  S Y S T E M  ---------------

OS:
 Windows 11 , 64 bit Build 22621 (10.0.22621.436)
OS uptime: 20 days 14:03 hours
Hyper-V role detected

CPU: total 8 (initial active 8) (4 cores per cpu, 2 threads per core) family 6 model 158 stepping 10 microcode 0xde, cx8, cmov, fxsr, ht, mmx, 3dnowpref, sse, sse2, sse3, ssse3, sse4.1, sse4.2, popcnt, lzcnt, tsc, tscinvbit, avx, avx2, aes, erms, clmul, bmi1, bmi2, adx, fma, vzeroupper, clflush, clflushopt, hv

Memory: 4k page, system-wide physical 8029M (376M free)
TotalPageFile size 32605M (AvailPageFile size 2M)
current process WorkingSet (physical memory assigned to process): 130M, peak: 133M
current process commit charge ("private bytes"): 239M, peak: 242M

vm_info: OpenJDK 64-Bit Server VM (17.0.3+7) for windows-amd64 JRE (17.0.3+7), built on Apr 19 2022 16:55:35 by "" with MS VC++ 16.7 (VS2019)

END.
